0 info it worked if it ends with ok
1 verbose cli [ 'c:\\Program Files (x86)\\nodejs\\node.exe',
1 verbose cli   'c:\\Program Files (x86)\\nodejs\\node_modules\\npm\\bin\\npm-cli.js',
1 verbose cli   'install',
1 verbose cli   '-g',
1 verbose cli   'plugman' ]
2 info using npm@1.3.2
3 info using node@v0.10.13
4 verbose cache add [ 'plugman', null ]
5 verbose cache add name=undefined spec="plugman" args=["plugman",null]
6 verbose parsed url { protocol: null,
6 verbose parsed url   slashes: null,
6 verbose parsed url   auth: null,
6 verbose parsed url   host: null,
6 verbose parsed url   port: null,
6 verbose parsed url   hostname: null,
6 verbose parsed url   hash: null,
6 verbose parsed url   search: null,
6 verbose parsed url   query: null,
6 verbose parsed url   pathname: 'plugman',
6 verbose parsed url   path: 'plugman',
6 verbose parsed url   href: 'plugman' }
7 silly lockFile 3c17847d-plugman plugman
8 verbose lock plugman C:\Users\Roger\AppData\Roaming\npm-cache\3c17847d-plugman.lock
9 silly lockFile 3c17847d-plugman plugman
10 silly lockFile 3c17847d-plugman plugman
11 verbose addNamed [ 'plugman', '' ]
12 verbose addNamed [ null, '*' ]
13 silly lockFile 9ad59204-plugman plugman@
14 verbose lock plugman@ C:\Users\Roger\AppData\Roaming\npm-cache\9ad59204-plugman.lock
15 silly addNameRange { name: 'plugman', range: '*', hasData: false }
16 verbose url raw plugman
17 verbose url resolving [ 'https://registry.npmjs.org/', './plugman' ]
18 verbose url resolved https://registry.npmjs.org/plugman
19 info trying registry request attempt 1 at 22:50:15
20 http GET https://registry.npmjs.org/plugman
21 http 200 https://registry.npmjs.org/plugman
22 silly registry.get cb [ 200,
22 silly registry.get   { date: 'Fri, 17 Oct 2014 02:50:11 GMT',
22 silly registry.get     server: 'CouchDB/1.5.0 (Erlang OTP/R16B03)',
22 silly registry.get     etag: '"3B8UGWHE45Q70S8I2BGYEUT19"',
22 silly registry.get     'content-type': 'application/json',
22 silly registry.get     'cache-control': 'max-age=60',
22 silly registry.get     'content-length': '129101',
22 silly registry.get     'accept-ranges': 'bytes',
22 silly registry.get     via: '1.1 varnish',
22 silly registry.get     age: '0',
22 silly registry.get     'x-served-by': 'cache-ord1726-ORD',
22 silly registry.get     'x-cache': 'MISS',
22 silly registry.get     'x-cache-hits': '0',
22 silly registry.get     'x-timer': 'S1413514211.009114,VS0,VE50',
22 silly registry.get     vary: 'Accept',
22 silly registry.get     'keep-alive': 'timeout=10, max=50',
22 silly registry.get     connection: 'Keep-Alive' } ]
23 silly addNameRange number 2 { name: 'plugman', range: '*', hasData: true }
24 silly addNameRange versions [ 'plugman',
24 silly addNameRange   [ '0.5.6',
24 silly addNameRange     '0.5.7',
24 silly addNameRange     '0.5.8',
24 silly addNameRange     '0.5.9',
24 silly addNameRange     '0.6.0',
24 silly addNameRange     '0.6.1',
24 silly addNameRange     '0.6.2',
24 silly addNameRange     '0.6.3',
24 silly addNameRange     '0.7.0',
24 silly addNameRange     '0.7.1',
24 silly addNameRange     '0.7.2',
24 silly addNameRange     '0.7.3',
24 silly addNameRange     '0.7.4',
24 silly addNameRange     '0.7.5',
24 silly addNameRange     '0.7.6',
24 silly addNameRange     '0.7.7',
24 silly addNameRange     '0.7.8',
24 silly addNameRange     '0.7.9',
24 silly addNameRange     '0.7.10',
24 silly addNameRange     '0.7.11',
24 silly addNameRange     '0.7.12',
24 silly addNameRange     '0.7.13',
24 silly addNameRange     '0.7.14',
24 silly addNameRange     '0.8.0',
24 silly addNameRange     '0.8.1',
24 silly addNameRange     '0.8.2',
24 silly addNameRange     '0.9.0',
24 silly addNameRange     '0.9.1',
24 silly addNameRange     '0.9.2',
24 silly addNameRange     '0.9.3',
24 silly addNameRange     '0.9.4',
24 silly addNameRange     '0.9.5',
24 silly addNameRange     '0.9.6',
24 silly addNameRange     '0.9.7',
24 silly addNameRange     '0.9.8',
24 silly addNameRange     '0.9.9',
24 silly addNameRange     '0.9.10',
24 silly addNameRange     '0.9.11',
24 silly addNameRange     '0.9.20',
24 silly addNameRange     '0.9.21',
24 silly addNameRange     '0.9.22',
24 silly addNameRange     '0.9.23',
24 silly addNameRange     '0.10.0',
24 silly addNameRange     '0.10.1',
24 silly addNameRange     '0.11.0',
24 silly addNameRange     '0.12.0',
24 silly addNameRange     '0.13.0',
24 silly addNameRange     '0.14.0',
24 silly addNameRange     '0.15.0',
24 silly addNameRange     '0.16.0',
24 silly addNameRange     '0.17.0',
24 silly addNameRange     '0.18.0',
24 silly addNameRange     '0.19.0',
24 silly addNameRange     '0.20.0',
24 silly addNameRange     '0.20.1',
24 silly addNameRange     '0.20.2',
24 silly addNameRange     '0.21.0',
24 silly addNameRange     '0.22.0',
24 silly addNameRange     '0.22.1',
24 silly addNameRange     '0.22.2',
24 silly addNameRange     '0.22.4',
24 silly addNameRange     '0.22.5',
24 silly addNameRange     '0.22.6',
24 silly addNameRange     '0.22.7',
24 silly addNameRange     '0.22.8',
24 silly addNameRange     '0.22.9',
24 silly addNameRange     '0.22.10',
24 silly addNameRange     '0.22.11',
24 silly addNameRange     '0.22.12' ] ]
25 verbose addNamed [ 'plugman', '0.22.12' ]
26 verbose addNamed [ '0.22.12', '0.22.12' ]
27 silly lockFile bbfb2ec0-plugman-0-22-12 plugman@0.22.12
28 verbose lock plugman@0.22.12 C:\Users\Roger\AppData\Roaming\npm-cache\bbfb2ec0-plugman-0-22-12.lock
29 silly lockFile 801bf8f7--org-plugman-plugman-0-22-12-tgz https://registry.npmjs.org/plugman/-/plugman-0.22.12.tgz
30 verbose lock https://registry.npmjs.org/plugman/-/plugman-0.22.12.tgz C:\Users\Roger\AppData\Roaming\npm-cache\801bf8f7--org-plugman-plugman-0-22-12-tgz.lock
31 verbose addRemoteTarball [ 'https://registry.npmjs.org/plugman/-/plugman-0.22.12.tgz',
31 verbose addRemoteTarball   '8f3ff8a1ac3b823b384e700c87ed2c0d8f2394bc' ]
32 info retry fetch attempt 1 at 22:50:15
33 verbose fetch to= C:\Users\Roger\AppData\Local\Temp\npm-1028\1413514215684-0.6478913719765842\tmp.tgz
34 http GET https://registry.npmjs.org/plugman/-/plugman-0.22.12.tgz
35 http 200 https://registry.npmjs.org/plugman/-/plugman-0.22.12.tgz
36 verbose tar unpack C:\Users\Roger\AppData\Local\Temp\npm-1028\1413514215684-0.6478913719765842\tmp.tgz
37 silly lockFile f773c6c0-15684-0-6478913719765842-package tar://C:\Users\Roger\AppData\Local\Temp\npm-1028\1413514215684-0.6478913719765842\package
38 verbose lock tar://C:\Users\Roger\AppData\Local\Temp\npm-1028\1413514215684-0.6478913719765842\package C:\Users\Roger\AppData\Roaming\npm-cache\f773c6c0-15684-0-6478913719765842-package.lock
39 silly lockFile 082e5bae-15684-0-6478913719765842-tmp-tgz tar://C:\Users\Roger\AppData\Local\Temp\npm-1028\1413514215684-0.6478913719765842\tmp.tgz
40 verbose lock tar://C:\Users\Roger\AppData\Local\Temp\npm-1028\1413514215684-0.6478913719765842\tmp.tgz C:\Users\Roger\AppData\Roaming\npm-cache\082e5bae-15684-0-6478913719765842-tmp-tgz.lock
41 silly gunzTarPerm modes [ '755', '644' ]
42 silly gunzTarPerm extractEntry package.json
43 silly gunzTarPerm extractEntry .npmignore
44 silly gunzTarPerm extractEntry README.md
45 silly gunzTarPerm extractEntry LICENSE
46 silly gunzTarPerm extractEntry config.js
47 silly gunzTarPerm extractEntry main.js
48 silly gunzTarPerm extractEntry plugman.js
49 silly gunzTarPerm extractEntry src/help.js
50 silly gunzTarPerm extractEntry doc/help.txt
51 silly gunzTarPerm extractEntry NOTICE
52 silly gunzTarPerm extractEntry CONTRIBUTING.md
53 silly gunzTarPerm extractEntry .reviewboardrc
54 silly gunzTarPerm extractEntry RELEASENOTES.md
55 silly lockFile f773c6c0-15684-0-6478913719765842-package tar://C:\Users\Roger\AppData\Local\Temp\npm-1028\1413514215684-0.6478913719765842\package
56 silly lockFile f773c6c0-15684-0-6478913719765842-package tar://C:\Users\Roger\AppData\Local\Temp\npm-1028\1413514215684-0.6478913719765842\package
57 silly lockFile 082e5bae-15684-0-6478913719765842-tmp-tgz tar://C:\Users\Roger\AppData\Local\Temp\npm-1028\1413514215684-0.6478913719765842\tmp.tgz
58 silly lockFile 082e5bae-15684-0-6478913719765842-tmp-tgz tar://C:\Users\Roger\AppData\Local\Temp\npm-1028\1413514215684-0.6478913719765842\tmp.tgz
59 verbose tar pack [ 'C:\\Users\\Roger\\AppData\\Roaming\\npm-cache\\plugman\\0.22.12\\package.tgz',
59 verbose tar pack   'C:\\Users\\Roger\\AppData\\Local\\Temp\\npm-1028\\1413514215684-0.6478913719765842\\package' ]
60 verbose tarball C:\Users\Roger\AppData\Roaming\npm-cache\plugman\0.22.12\package.tgz
61 verbose folder C:\Users\Roger\AppData\Local\Temp\npm-1028\1413514215684-0.6478913719765842\package
62 silly lockFile f773c6c0-15684-0-6478913719765842-package tar://C:\Users\Roger\AppData\Local\Temp\npm-1028\1413514215684-0.6478913719765842\package
63 verbose lock tar://C:\Users\Roger\AppData\Local\Temp\npm-1028\1413514215684-0.6478913719765842\package C:\Users\Roger\AppData\Roaming\npm-cache\f773c6c0-15684-0-6478913719765842-package.lock
64 silly lockFile 692a7753-ache-plugman-0-22-12-package-tgz tar://C:\Users\Roger\AppData\Roaming\npm-cache\plugman\0.22.12\package.tgz
65 verbose lock tar://C:\Users\Roger\AppData\Roaming\npm-cache\plugman\0.22.12\package.tgz C:\Users\Roger\AppData\Roaming\npm-cache\692a7753-ache-plugman-0-22-12-package-tgz.lock
66 silly lockFile f773c6c0-15684-0-6478913719765842-package tar://C:\Users\Roger\AppData\Local\Temp\npm-1028\1413514215684-0.6478913719765842\package
67 silly lockFile f773c6c0-15684-0-6478913719765842-package tar://C:\Users\Roger\AppData\Local\Temp\npm-1028\1413514215684-0.6478913719765842\package
68 silly lockFile 692a7753-ache-plugman-0-22-12-package-tgz tar://C:\Users\Roger\AppData\Roaming\npm-cache\plugman\0.22.12\package.tgz
69 silly lockFile 692a7753-ache-plugman-0-22-12-package-tgz tar://C:\Users\Roger\AppData\Roaming\npm-cache\plugman\0.22.12\package.tgz
70 silly lockFile f01fa15c-pm-cache-plugman-0-22-12-package C:\Users\Roger\AppData\Roaming\npm-cache\plugman\0.22.12\package
71 verbose lock C:\Users\Roger\AppData\Roaming\npm-cache\plugman\0.22.12\package C:\Users\Roger\AppData\Roaming\npm-cache\f01fa15c-pm-cache-plugman-0-22-12-package.lock
72 silly lockFile f01fa15c-pm-cache-plugman-0-22-12-package C:\Users\Roger\AppData\Roaming\npm-cache\plugman\0.22.12\package
73 silly lockFile f01fa15c-pm-cache-plugman-0-22-12-package C:\Users\Roger\AppData\Roaming\npm-cache\plugman\0.22.12\package
74 verbose tar unpack C:\Users\Roger\AppData\Roaming\npm-cache\plugman\0.22.12\package.tgz
75 silly lockFile 58a7340f-pm-cache-plugman-0-22-12-package tar://C:\Users\Roger\AppData\Roaming\npm-cache\plugman\0.22.12\package
76 verbose lock tar://C:\Users\Roger\AppData\Roaming\npm-cache\plugman\0.22.12\package C:\Users\Roger\AppData\Roaming\npm-cache\58a7340f-pm-cache-plugman-0-22-12-package.lock
77 silly lockFile 692a7753-ache-plugman-0-22-12-package-tgz tar://C:\Users\Roger\AppData\Roaming\npm-cache\plugman\0.22.12\package.tgz
78 verbose lock tar://C:\Users\Roger\AppData\Roaming\npm-cache\plugman\0.22.12\package.tgz C:\Users\Roger\AppData\Roaming\npm-cache\692a7753-ache-plugman-0-22-12-package-tgz.lock
79 silly gunzTarPerm modes [ '755', '644' ]
80 silly gunzTarPerm extractEntry package.json
81 silly gunzTarPerm modified mode [ 'package.json', 438, 420 ]
82 silly gunzTarPerm extractEntry .npmignore
83 silly gunzTarPerm modified mode [ '.npmignore', 438, 420 ]
84 silly gunzTarPerm extractEntry README.md
85 silly gunzTarPerm modified mode [ 'README.md', 438, 420 ]
86 silly gunzTarPerm extractEntry LICENSE
87 silly gunzTarPerm modified mode [ 'LICENSE', 438, 420 ]
88 silly gunzTarPerm extractEntry config.js
89 silly gunzTarPerm modified mode [ 'config.js', 438, 420 ]
90 silly gunzTarPerm extractEntry plugman.js
91 silly gunzTarPerm modified mode [ 'plugman.js', 438, 420 ]
92 silly gunzTarPerm extractEntry main.js
93 silly gunzTarPerm modified mode [ 'main.js', 438, 420 ]
94 silly gunzTarPerm extractEntry NOTICE
95 silly gunzTarPerm modified mode [ 'NOTICE', 438, 420 ]
96 silly gunzTarPerm extractEntry .reviewboardrc
97 silly gunzTarPerm modified mode [ '.reviewboardrc', 438, 420 ]
98 silly gunzTarPerm extractEntry doc/help.txt
99 silly gunzTarPerm modified mode [ 'doc/help.txt', 438, 420 ]
100 silly gunzTarPerm extractEntry CONTRIBUTING.md
101 silly gunzTarPerm modified mode [ 'CONTRIBUTING.md', 438, 420 ]
102 silly gunzTarPerm extractEntry RELEASENOTES.md
103 silly gunzTarPerm modified mode [ 'RELEASENOTES.md', 438, 420 ]
104 silly gunzTarPerm extractEntry src/help.js
105 silly gunzTarPerm modified mode [ 'src/help.js', 438, 420 ]
106 silly lockFile 58a7340f-pm-cache-plugman-0-22-12-package tar://C:\Users\Roger\AppData\Roaming\npm-cache\plugman\0.22.12\package
107 silly lockFile 58a7340f-pm-cache-plugman-0-22-12-package tar://C:\Users\Roger\AppData\Roaming\npm-cache\plugman\0.22.12\package
108 silly lockFile 692a7753-ache-plugman-0-22-12-package-tgz tar://C:\Users\Roger\AppData\Roaming\npm-cache\plugman\0.22.12\package.tgz
109 silly lockFile 692a7753-ache-plugman-0-22-12-package-tgz tar://C:\Users\Roger\AppData\Roaming\npm-cache\plugman\0.22.12\package.tgz
110 verbose chmod C:\Users\Roger\AppData\Roaming\npm-cache\plugman\0.22.12\package.tgz 644
111 silly chown skipping for windows C:\Users\Roger\AppData\Roaming\npm-cache\plugman\0.22.12\package.tgz
112 silly lockFile 801bf8f7--org-plugman-plugman-0-22-12-tgz https://registry.npmjs.org/plugman/-/plugman-0.22.12.tgz
113 silly lockFile 801bf8f7--org-plugman-plugman-0-22-12-tgz https://registry.npmjs.org/plugman/-/plugman-0.22.12.tgz
114 silly lockFile bbfb2ec0-plugman-0-22-12 plugman@0.22.12
115 silly lockFile bbfb2ec0-plugman-0-22-12 plugman@0.22.12
116 silly lockFile 9ad59204-plugman plugman@
117 silly lockFile 9ad59204-plugman plugman@
118 silly resolved [ { author: { name: 'Andrew Lunny', email: 'alunny@gmail.com' },
118 silly resolved     name: 'plugman',
118 silly resolved     description: 'install/uninstall Cordova plugins',
118 silly resolved     version: '0.22.12',
118 silly resolved     repository:
118 silly resolved      { type: 'git',
118 silly resolved        url: 'git://git-wip-us.apache.org/repos/asf/cordova-plugman.git' },
118 silly resolved     bugs:
118 silly resolved      { url: 'https://issues.apache.org/jira/browse/CB',
118 silly resolved        email: 'dev@cordova.apache.org' },
118 silly resolved     main: 'plugman.js',
118 silly resolved     engines: { node: '>=0.9.9' },
118 silly resolved     engineStrict: true,
118 silly resolved     dependencies:
118 silly resolved      { 'cordova-lib': '4.0.0',
118 silly resolved        nopt: '1.0.9',
118 silly resolved        underscore: '1.4.4',
118 silly resolved        q: '0.9.7',
118 silly resolved        npm: '1.3.4',
118 silly resolved        rc: '0.3.0' },
118 silly resolved     devDependencies: { 'jasmine-node': '1.14.5' },
118 silly resolved     bin: { plugman: './main.js' },
118 silly resolved     scripts: {},
118 silly resolved     contributors:
118 silly resolved      [ [Object],
118 silly resolved        [Object],
118 silly resolved        [Object],
118 silly resolved        [Object],
118 silly resolved        [Object],
118 silly resolved        [Object],
118 silly resolved        [Object],
118 silly resolved        [Object],
118 silly resolved        [Object],
118 silly resolved        [Object],
118 silly resolved        [Object] ],
118 silly resolved     readme: '<!--\n#\n# Licensed to the Apache Software Foundation (ASF) under one\n# or more contributor license agreements.  See the NOTICE file\n# distributed with this work for additional information\n# regarding copyright ownership.  The ASF licenses this file\n# to you under the Apache License, Version 2.0 (the\n# "License"); you may not use this file except in compliance\n# with the License.  You may obtain a copy of the License at\n#\n# http://www.apache.org/licenses/LICENSE-2.0\n#\n# Unless required by applicable law or agreed to in writing,\n# software distributed under the License is distributed on an\n# "AS IS" BASIS, WITHOUT WARRANTIES OR CONDITIONS OF ANY\n#  KIND, either express or implied.  See the License for the\n# specific language governing permissions and limitations\n# under the License.\n#\n-->\n\n# plugman\n\nA command line tool to install and uninstall plugins for use with [Apache Cordova](http://cordova.io) projects.\n\nThis document defines tool usage.\n\n## Requirements\n\nYou must have `git` on your PATH to be able to install plugins directly from remote git URLs.\n\n## Plugin Specification\n\n--&gt; [Available on docs.cordova.io](http://cordova.apache.org/docs/en/3.0.0/plugin_ref_spec.md) &lt;--\n\n## Quickstart\n\n    npm install -g plugman\n\n## Design Goals\n\n* Facilitate programmatic installation and manipulation of plugins\n* Detail the dependencies and components of individual plugins\n* Allow code reuse between different target platforms\n\n## Supported Platforms\n\n* iOS\n* Amazon Fire OS\n* Android\n* BlackBerry 10\n* Tizen\n* Windows Phone 8\n* Windows 8\n\n## Command Line Usage\n    plugman help\n\n* Displays all available plugman commands\n\n\n    plugman install --platform <ios|amazon-fireos|android|blackberry10|wp8> --project <directory> --plugin <name|url|path> [--plugins_dir <directory>] [--www <directory>] [--variable <name>=<value> [--variable <name>=<value> ...]]\n    plugman uninstall --platform <ios|amazon-fireos|android|blackberry10|wp8> --project <directory> --plugin <id> [--www <directory>] [--plugins_dir <directory>]\n\n* Using minimum parameters, installs a plugin into a cordova project. You must specify a platform and cordova project location for that platform. You also must specify a plugin, with the different `--plugin` parameter forms being:\n  * `name`: The directory name where the plugin contents exist. This must be an existing directory under the `--plugins_dir` path (see below for more info) or a plugin in the Cordova registry.\n  * `url`: A URL starting with https:// or git://, pointing to a valid git repository that is clonable and contains a `plugin.xml` file. The contents of this repository would be copied into the `--plugins_dir`.\n  * `path`: A path to a directory containing a valid plugin which includes a `plugin.xml` file. This path\'s contents will be copied into the `--plugins_dir`.\n* `--uninstall`: Uninstalls an already-`--install`\'ed plugin from a cordova project. Specify the plugin ID.\n\nOther parameters:\n\n* `--plugins_dir` defaults to `<project>/cordova/plugins`, but can be any directory containing a subdirectory for each fetched plugin.\n* `--www` defaults to the project\'s `www` folder location, but can be any directory that is to be used as cordova project application web assets.\n* `--variable` allows to specify certain variables at install time, necessary for certain plugins requiring API keys or other custom, user-defined parameters. Please see the [plugin specification](plugin_spec.md) for more information.\n\n\n    plugman search <plugin keywords>\n\n* Search the [Plugin registry](http://plugins.cordova.io) for plugin id\'s that match the given space separated list of keywords.\n\n\n    plugman config set registry <url-to-registry>\n    plugman config get registry\n\n* Get or set the URL of the current plugin registry that plugman is using. Generally you should leave this set at http://registry.cordova.io unless you want to use a third party plugin registry.\n\n## Node Module Usage\nThis section details how to consume Plugman as a node module and is only for Cordova tool authors and other hackers. You should not need to read this section if you are just using Plugman to manage a Cordova project.\n\n    node\n    > require(\'plugman\')\n    { install: [Function: installPlugin],\n      uninstall: [Function: uninstallPlugin],\n      fetch: [Function: fetchPlugin],\n      search: [Function: search],\n      publish: [Function: publish],\n      unpublish: [Function: unpublish],\n      adduser: [Function: adduser],\n      prepare: [Function: handlePrepare],\n      create: [Function: create],\n      platform: [Function: platform] }\n\n### `install` method\n\n    module.exports = function installPlugin(platform, project_dir, id, plugins_dir, subdir, cli_variables, www_dir, callback) {\n\nInstalls a plugin into a specified cordova project of a specified platform.\n\n * `platform`: one of `amazon-fireos`, `android`, `ios`, `blackberry10`, or `wp8`\n * `project_dir`: path to an instance of the above specified platform\'s cordova project\n * `id`: a string representing the `id` of the plugin, a path to a cordova plugin with a valid `plugin.xml` file, or an `https://` or `git://` url to a git repository of a valid cordova plugin or a plugin published to the Cordova registry\n * `plugins_dir`: path to directory where plugins will be stored, defaults to `<project_dir>/cordova/plugins`\n * `subdir`: subdirectory within the plugin directory to consider as plugin directory root, defaults to `.`\n * `cli_variables`: an object mapping cordova plugin specification variable names (see [plugin specification](plugin_spec.md)) to values\n * `www_dir`: path to directory where web assets are to be copied to, defaults to the specified project directory\'s `www` dir (dependent on platform)\n * `callback`: callback to invoke once complete. If specified, will pass in an error object as a first parameter if the action failed. If not and an error occurs, `plugman` will throw the error\n\n### `uninstall` method\n\n    module.exports = function uninstallPlugin(platform, project_dir, id, plugins_dir, cli_variables, www_dir, callback) {\n\nUninstalls a previously-installed cordova plugin from a specified cordova project of a specified platform.\n\n * `platform`: one of `amazon-fireos`, `android`, `ios`, `blackberry10`, or `wp8`\n * `project_dir`: path to an instance of the above specified platform\'s cordova project\n * `id`: a string representing the `id` of the plugin\n * `plugins_dir`: path to directory where plugins are stored, defaults to `<project_dir>/cordova/plugins`\n * `subdir`: subdirectory within the plugin directory to consider as plugin directory root, defaults to `.`\n * `cli_variables`: an object mapping cordova plugin specification variable names (see [plugin specification](plugin_spec.md)) to values\n * `www_dir`: path to directory where web assets are to be copied to, defaults to the specified project directory\'s `www` dir (dependent on platform)\n * `callback`: callback to invoke once complete. If specified, will pass in an error object as a first parameter if the action failed. If not and an error occurs, `plugman` will throw the error\n\n### `fetch` method\n\nCopies a cordova plugin into a single location that plugman uses to track which plugins are installed into a project.\n\n    module.exports = function fetchPlugin(plugin_dir, plugins_dir, link, subdir, git_ref, callback) {\n\n * `plugin_dir`: path, URL to a plugin directory/repository or name of a plugin published to the Cordova registry.\n * `plugins_dir`: path housing all plugins used in this project\n * `link`: if `plugin_dir` points to a local path, will create a symbolic link to that folder instead of copying into `plugins_dir`, defaults to `false`\n * `subdir`: subdirectory within the plugin directory to consider as plugin directory root, defaults to `.`\n * `gitref`: if `plugin_dir` points to a URL, this value will be used to pass into `git checkout` after the repository is cloned, defaults to `HEAD`\n * `callback`: callback to invoke once complete. If specified, will pass in an error object as a first parameter if the action failed. If not and an error occurs, `plugman` will throw the error\n\n### `prepare` method\n\nFinalizes plugin installation by making configuration file changes and setting up a JavaScript loader for js-module support.\n\n    module.exports = function handlePrepare(project_dir, platform, plugins_dir) {\n\n * `project_dir`: path to an instance of the above specified platform\'s cordova project\n * `platform`: one of `amazon-fireos`, `android`, `ios`, `blackberry10`, or `wp8`\n * `plugins_dir`: path housing all plugins used in this project\n\n## Registry related actions\n\n### `adduser` method\n\nAdds a user account to the registry. Function takes no arguments other than a an optional callback\n\n    module.exports = function(callback) {\n\n### `publish` method\n\nPublishes plugins to the registry. `plugin_paths` is an array of plugin paths to publish to the registry.\n\n    module.exports = function(plugin_paths, callback) {\n\n### `unpublish` method\n\nunpublishes plugins from the registry. Can unpublish a version by specifying `plugin@version` or the whole plugin by just specifying `plugin`. `plugins` is an array of `plugin[@version]` elements.\n\n    module.exports = function(plugins, callback) {\n\n### `search` method\n\nSearches plugins in the registry. `search_opts` is an array of keywords\n\n    module.exports = function(search_opts, callback) {\n\n### `config` method\n\nConfigures registry settings. `params` is an array that describes the action\n    /*\n    * var params = [\'get\', \'registry\'];\n    * var params = [\'set\', \'registry\', \'http://registry.cordova.io\'];\n    * module.exports = function(params, callback) {\n    */\n\n## Create plugin related actions\n\n### `create` method\n\nCreates basic scaffolding for a new plugin\n\n  module.exports = function create( name, id, version, pluginPath, options, callback ) {...}\n\n* `name` : a name for the plugin\n* `id` : an id for the plugin\n* `version` : a version for the plugin\n* `pluginPath` : a path to create the plugin in\n* `options` : an array of options\n* `callback` : callback to invoke once complete. If specified, will pass in an error object as a first parameter if the action failed. If not and an error occurs, `plugman` will throw the error\n\n### `platform` method\n\nAdd/Remove a platform from a newly created plugin\n\n  module.exports = function platform( { operation: operation, platform_name: cli_opts.platform_name } );\n\n* `operation` : "add or remove"\n* `platform_name` : ios, android\n\n## Example Plugins\n\n- Google has a [bunch of plugins](https://github.com/MobileChromeApps/chrome-cordova/tree/master/plugins) which are maintained actively by a contributor to plugman\n- Adobe maintains plugins for its Build cloud service, which are open sourced and [available on GitHub](https://github.com/phonegap-build)\n- BlackBerry has a [bunch of plugins](https://github.com/blackberry/cordova-blackberry/tree/master/blackberry10/plugins) offering deep platform integration\n- Core and 3rd party plugins can be found on the [Cordova Registry](http://plugins.cordova.io).\n\n## Development\n\nBasic installation:\n\n    git clone https://git-wip-us.apache.org/repos/asf/cordova-plugman.git\n    cd cordova-plugman\n    npm install -g\n\nLinking the global executable to the git repo:\n\n    git clone https://git-wip-us.apache.org/repos/asf/cordova-plugman.git\n    cd cordova-plugman\n    npm install\n    sudo npm link\n\n### Running Tests\n\n    npm test\n\n## Plugin Directory Structure\n\nA plugin is typically a combination of some web/www code, and some native code.\nHowever, plugins may have only one of these things - a plugin could be a single\nJavaScript file, or some native code with no corresponding JavaScript.\n\nHere is a sample plugin named foo with android and ios platforms support, and 2 www assets.\n\n```\nfoo-plugin/\n|- plugin.xml     # xml-based manifest\n|- src/           # native source for each platform\n|  |- android/\n|  |  `- Foo.java\n|  `- ios/\n|     |- CDVFoo.h\n|     `- CDVFoo.m\n|- README.md\n`- www/\n   |- foo.js\n   `- foo.png\n```\n\nThis structure is suggested, but not required.\n\n## Contributors\n\nSee the [package.json](package.json) file for attribution notes.\n\n## License\n\nApache License 2.0\n',
118 silly resolved     readmeFilename: 'README.md',
118 silly resolved     _id: 'plugman@0.22.12',
118 silly resolved     dist: { shasum: 'bd7c65ef43c9d1cb7c423d09565c55ba8912f2dc' },
118 silly resolved     _from: 'plugman@',
118 silly resolved     _resolved: 'https://registry.npmjs.org/plugman/-/plugman-0.22.12.tgz' } ]
119 info install plugman@0.22.12 into C:\Users\Roger\AppData\Roaming\npm
120 info installOne plugman@0.22.12
121 info C:\Users\Roger\AppData\Roaming\npm\node_modules\plugman unbuild
122 verbose tar unpack C:\Users\Roger\AppData\Roaming\npm-cache\plugman\0.22.12\package.tgz
123 silly lockFile e8bc1be2-Roaming-npm-node-modules-plugman tar://C:\Users\Roger\AppData\Roaming\npm\node_modules\plugman
124 verbose lock tar://C:\Users\Roger\AppData\Roaming\npm\node_modules\plugman C:\Users\Roger\AppData\Roaming\npm-cache\e8bc1be2-Roaming-npm-node-modules-plugman.lock
125 silly lockFile 692a7753-ache-plugman-0-22-12-package-tgz tar://C:\Users\Roger\AppData\Roaming\npm-cache\plugman\0.22.12\package.tgz
126 verbose lock tar://C:\Users\Roger\AppData\Roaming\npm-cache\plugman\0.22.12\package.tgz C:\Users\Roger\AppData\Roaming\npm-cache\692a7753-ache-plugman-0-22-12-package-tgz.lock
127 silly gunzTarPerm modes [ '755', '644' ]
128 silly gunzTarPerm extractEntry package.json
129 silly gunzTarPerm modified mode [ 'package.json', 438, 420 ]
130 silly gunzTarPerm extractEntry .npmignore
131 silly gunzTarPerm modified mode [ '.npmignore', 438, 420 ]
132 silly gunzTarPerm extractEntry README.md
133 silly gunzTarPerm modified mode [ 'README.md', 438, 420 ]
134 silly gunzTarPerm extractEntry LICENSE
135 silly gunzTarPerm modified mode [ 'LICENSE', 438, 420 ]
136 silly gunzTarPerm extractEntry config.js
137 silly gunzTarPerm modified mode [ 'config.js', 438, 420 ]
138 silly gunzTarPerm extractEntry plugman.js
139 silly gunzTarPerm modified mode [ 'plugman.js', 438, 420 ]
140 silly gunzTarPerm extractEntry main.js
141 silly gunzTarPerm modified mode [ 'main.js', 438, 420 ]
142 silly gunzTarPerm extractEntry NOTICE
143 silly gunzTarPerm modified mode [ 'NOTICE', 438, 420 ]
144 silly gunzTarPerm extractEntry .reviewboardrc
145 silly gunzTarPerm modified mode [ '.reviewboardrc', 438, 420 ]
146 silly gunzTarPerm extractEntry doc/help.txt
147 silly gunzTarPerm modified mode [ 'doc/help.txt', 438, 420 ]
148 silly gunzTarPerm extractEntry CONTRIBUTING.md
149 silly gunzTarPerm modified mode [ 'CONTRIBUTING.md', 438, 420 ]
150 silly gunzTarPerm extractEntry RELEASENOTES.md
151 silly gunzTarPerm modified mode [ 'RELEASENOTES.md', 438, 420 ]
152 silly gunzTarPerm extractEntry src/help.js
153 silly gunzTarPerm modified mode [ 'src/help.js', 438, 420 ]
154 silly lockFile e8bc1be2-Roaming-npm-node-modules-plugman tar://C:\Users\Roger\AppData\Roaming\npm\node_modules\plugman
155 silly lockFile e8bc1be2-Roaming-npm-node-modules-plugman tar://C:\Users\Roger\AppData\Roaming\npm\node_modules\plugman
156 silly lockFile 692a7753-ache-plugman-0-22-12-package-tgz tar://C:\Users\Roger\AppData\Roaming\npm-cache\plugman\0.22.12\package.tgz
157 silly lockFile 692a7753-ache-plugman-0-22-12-package-tgz tar://C:\Users\Roger\AppData\Roaming\npm-cache\plugman\0.22.12\package.tgz
158 info preinstall plugman@0.22.12
159 verbose readDependencies using package.json deps
160 verbose readDependencies using package.json deps
161 verbose cache add [ 'cordova-lib@4.0.0', null ]
162 verbose cache add name=undefined spec="cordova-lib@4.0.0" args=["cordova-lib@4.0.0",null]
163 verbose parsed url { protocol: null,
163 verbose parsed url   slashes: null,
163 verbose parsed url   auth: null,
163 verbose parsed url   host: null,
163 verbose parsed url   port: null,
163 verbose parsed url   hostname: null,
163 verbose parsed url   hash: null,
163 verbose parsed url   search: null,
163 verbose parsed url   query: null,
163 verbose parsed url   pathname: 'cordova-lib@4.0.0',
163 verbose parsed url   path: 'cordova-lib@4.0.0',
163 verbose parsed url   href: 'cordova-lib@4.0.0' }
164 verbose cache add name="cordova-lib" spec="4.0.0" args=["cordova-lib","4.0.0"]
165 verbose parsed url { protocol: null,
165 verbose parsed url   slashes: null,
165 verbose parsed url   auth: null,
165 verbose parsed url   host: null,
165 verbose parsed url   port: null,
165 verbose parsed url   hostname: null,
165 verbose parsed url   hash: null,
165 verbose parsed url   search: null,
165 verbose parsed url   query: null,
165 verbose parsed url   pathname: '4.0.0',
165 verbose parsed url   path: '4.0.0',
165 verbose parsed url   href: '4.0.0' }
166 verbose addNamed [ 'cordova-lib', '4.0.0' ]
167 verbose addNamed [ '4.0.0', '4.0.0' ]
168 silly lockFile 4b9c35bf-cordova-lib-4-0-0 cordova-lib@4.0.0
169 verbose lock cordova-lib@4.0.0 C:\Users\Roger\AppData\Roaming\npm-cache\4b9c35bf-cordova-lib-4-0-0.lock
170 verbose cache add [ 'nopt@1.0.9', null ]
171 verbose cache add name=undefined spec="nopt@1.0.9" args=["nopt@1.0.9",null]
172 verbose parsed url { protocol: null,
172 verbose parsed url   slashes: null,
172 verbose parsed url   auth: null,
172 verbose parsed url   host: null,
172 verbose parsed url   port: null,
172 verbose parsed url   hostname: null,
172 verbose parsed url   hash: null,
172 verbose parsed url   search: null,
172 verbose parsed url   query: null,
172 verbose parsed url   pathname: 'nopt@1.0.9',
172 verbose parsed url   path: 'nopt@1.0.9',
172 verbose parsed url   href: 'nopt@1.0.9' }
173 verbose cache add name="nopt" spec="1.0.9" args=["nopt","1.0.9"]
174 verbose parsed url { protocol: null,
174 verbose parsed url   slashes: null,
174 verbose parsed url   auth: null,
174 verbose parsed url   host: null,
174 verbose parsed url   port: null,
174 verbose parsed url   hostname: null,
174 verbose parsed url   hash: null,
174 verbose parsed url   search: null,
174 verbose parsed url   query: null,
174 verbose parsed url   pathname: '1.0.9',
174 verbose parsed url   path: '1.0.9',
174 verbose parsed url   href: '1.0.9' }
175 verbose addNamed [ 'nopt', '1.0.9' ]
176 verbose addNamed [ '1.0.9', '1.0.9' ]
177 silly lockFile d719cbbe-nopt-1-0-9 nopt@1.0.9
178 verbose lock nopt@1.0.9 C:\Users\Roger\AppData\Roaming\npm-cache\d719cbbe-nopt-1-0-9.lock
179 verbose cache add [ 'underscore@1.4.4', null ]
180 verbose cache add name=undefined spec="underscore@1.4.4" args=["underscore@1.4.4",null]
181 verbose parsed url { protocol: null,
181 verbose parsed url   slashes: null,
181 verbose parsed url   auth: null,
181 verbose parsed url   host: null,
181 verbose parsed url   port: null,
181 verbose parsed url   hostname: null,
181 verbose parsed url   hash: null,
181 verbose parsed url   search: null,
181 verbose parsed url   query: null,
181 verbose parsed url   pathname: 'underscore@1.4.4',
181 verbose parsed url   path: 'underscore@1.4.4',
181 verbose parsed url   href: 'underscore@1.4.4' }
182 verbose cache add name="underscore" spec="1.4.4" args=["underscore","1.4.4"]
183 verbose parsed url { protocol: null,
183 verbose parsed url   slashes: null,
183 verbose parsed url   auth: null,
183 verbose parsed url   host: null,
183 verbose parsed url   port: null,
183 verbose parsed url   hostname: null,
183 verbose parsed url   hash: null,
183 verbose parsed url   search: null,
183 verbose parsed url   query: null,
183 verbose parsed url   pathname: '1.4.4',
183 verbose parsed url   path: '1.4.4',
183 verbose parsed url   href: '1.4.4' }
184 verbose addNamed [ 'underscore', '1.4.4' ]
185 verbose addNamed [ '1.4.4', '1.4.4' ]
186 silly lockFile c6b5e825-underscore-1-4-4 underscore@1.4.4
187 verbose lock underscore@1.4.4 C:\Users\Roger\AppData\Roaming\npm-cache\c6b5e825-underscore-1-4-4.lock
188 verbose cache add [ 'q@0.9.7', null ]
189 verbose cache add name=undefined spec="q@0.9.7" args=["q@0.9.7",null]
190 verbose parsed url { protocol: null,
190 verbose parsed url   slashes: null,
190 verbose parsed url   auth: null,
190 verbose parsed url   host: null,
190 verbose parsed url   port: null,
190 verbose parsed url   hostname: null,
190 verbose parsed url   hash: null,
190 verbose parsed url   search: null,
190 verbose parsed url   query: null,
190 verbose parsed url   pathname: 'q@0.9.7',
190 verbose parsed url   path: 'q@0.9.7',
190 verbose parsed url   href: 'q@0.9.7' }
191 verbose cache add name="q" spec="0.9.7" args=["q","0.9.7"]
192 verbose parsed url { protocol: null,
192 verbose parsed url   slashes: null,
192 verbose parsed url   auth: null,
192 verbose parsed url   host: null,
192 verbose parsed url   port: null,
192 verbose parsed url   hostname: null,
192 verbose parsed url   hash: null,
192 verbose parsed url   search: null,
192 verbose parsed url   query: null,
192 verbose parsed url   pathname: '0.9.7',
192 verbose parsed url   path: '0.9.7',
192 verbose parsed url   href: '0.9.7' }
193 verbose addNamed [ 'q', '0.9.7' ]
194 verbose addNamed [ '0.9.7', '0.9.7' ]
195 silly lockFile cc8e51ee-q-0-9-7 q@0.9.7
196 verbose lock q@0.9.7 C:\Users\Roger\AppData\Roaming\npm-cache\cc8e51ee-q-0-9-7.lock
197 verbose cache add [ 'npm@1.3.4', null ]
198 verbose cache add name=undefined spec="npm@1.3.4" args=["npm@1.3.4",null]
199 verbose parsed url { protocol: null,
199 verbose parsed url   slashes: null,
199 verbose parsed url   auth: null,
199 verbose parsed url   host: null,
199 verbose parsed url   port: null,
199 verbose parsed url   hostname: null,
199 verbose parsed url   hash: null,
199 verbose parsed url   search: null,
199 verbose parsed url   query: null,
199 verbose parsed url   pathname: 'npm@1.3.4',
199 verbose parsed url   path: 'npm@1.3.4',
199 verbose parsed url   href: 'npm@1.3.4' }
200 verbose cache add name="npm" spec="1.3.4" args=["npm","1.3.4"]
201 verbose parsed url { protocol: null,
201 verbose parsed url   slashes: null,
201 verbose parsed url   auth: null,
201 verbose parsed url   host: null,
201 verbose parsed url   port: null,
201 verbose parsed url   hostname: null,
201 verbose parsed url   hash: null,
201 verbose parsed url   search: null,
201 verbose parsed url   query: null,
201 verbose parsed url   pathname: '1.3.4',
201 verbose parsed url   path: '1.3.4',
201 verbose parsed url   href: '1.3.4' }
202 verbose addNamed [ 'npm', '1.3.4' ]
203 verbose addNamed [ '1.3.4', '1.3.4' ]
204 silly lockFile 6563a3cc-npm-1-3-4 npm@1.3.4
205 verbose lock npm@1.3.4 C:\Users\Roger\AppData\Roaming\npm-cache\6563a3cc-npm-1-3-4.lock
206 verbose cache add [ 'rc@0.3.0', null ]
207 verbose cache add name=undefined spec="rc@0.3.0" args=["rc@0.3.0",null]
208 verbose parsed url { protocol: null,
208 verbose parsed url   slashes: null,
208 verbose parsed url   auth: null,
208 verbose parsed url   host: null,
208 verbose parsed url   port: null,
208 verbose parsed url   hostname: null,
208 verbose parsed url   hash: null,
208 verbose parsed url   search: null,
208 verbose parsed url   query: null,
208 verbose parsed url   pathname: 'rc@0.3.0',
208 verbose parsed url   path: 'rc@0.3.0',
208 verbose parsed url   href: 'rc@0.3.0' }
209 verbose cache add name="rc" spec="0.3.0" args=["rc","0.3.0"]
210 verbose parsed url { protocol: null,
210 verbose parsed url   slashes: null,
210 verbose parsed url   auth: null,
210 verbose parsed url   host: null,
210 verbose parsed url   port: null,
210 verbose parsed url   hostname: null,
210 verbose parsed url   hash: null,
210 verbose parsed url   search: null,
210 verbose parsed url   query: null,
210 verbose parsed url   pathname: '0.3.0',
210 verbose parsed url   path: '0.3.0',
210 verbose parsed url   href: '0.3.0' }
211 verbose addNamed [ 'rc', '0.3.0' ]
212 verbose addNamed [ '0.3.0', '0.3.0' ]
213 silly lockFile 4aa50fc4-rc-0-3-0 rc@0.3.0
214 verbose lock rc@0.3.0 C:\Users\Roger\AppData\Roaming\npm-cache\4aa50fc4-rc-0-3-0.lock
215 verbose url raw cordova-lib/4.0.0
216 verbose url resolving [ 'https://registry.npmjs.org/', './cordova-lib/4.0.0' ]
217 verbose url resolved https://registry.npmjs.org/cordova-lib/4.0.0
218 info trying registry request attempt 1 at 22:50:16
219 http GET https://registry.npmjs.org/cordova-lib/4.0.0
220 verbose url raw nopt/1.0.9
221 verbose url resolving [ 'https://registry.npmjs.org/', './nopt/1.0.9' ]
222 verbose url resolved https://registry.npmjs.org/nopt/1.0.9
223 info trying registry request attempt 1 at 22:50:16
224 http GET https://registry.npmjs.org/nopt/1.0.9
225 verbose url raw q/0.9.7
226 verbose url resolving [ 'https://registry.npmjs.org/', './q/0.9.7' ]
227 verbose url resolved https://registry.npmjs.org/q/0.9.7
228 info trying registry request attempt 1 at 22:50:16
229 http GET https://registry.npmjs.org/q/0.9.7
230 verbose url raw underscore/1.4.4
231 verbose url resolving [ 'https://registry.npmjs.org/', './underscore/1.4.4' ]
232 verbose url resolved https://registry.npmjs.org/underscore/1.4.4
233 info trying registry request attempt 1 at 22:50:16
234 verbose etag "ANMP2SIR3ESP45FMUL1GYQSA6"
235 http GET https://registry.npmjs.org/underscore/1.4.4
236 verbose url raw npm/1.3.4
237 verbose url resolving [ 'https://registry.npmjs.org/', './npm/1.3.4' ]
238 verbose url resolved https://registry.npmjs.org/npm/1.3.4
239 info trying registry request attempt 1 at 22:50:16
240 verbose etag "2S04I9DIAFLN4SSJOIIJ66O3D"
241 http GET https://registry.npmjs.org/npm/1.3.4
242 verbose url raw rc/0.3.0
243 verbose url resolving [ 'https://registry.npmjs.org/', './rc/0.3.0' ]
244 verbose url resolved https://registry.npmjs.org/rc/0.3.0
245 info trying registry request attempt 1 at 22:50:16
246 verbose etag "7GRALR4JDE6GUP89IVGE53MCA"
247 http GET https://registry.npmjs.org/rc/0.3.0
248 http 200 https://registry.npmjs.org/q/0.9.7
249 silly registry.get cb [ 200,
249 silly registry.get   { date: 'Fri, 17 Oct 2014 02:50:11 GMT',
249 silly registry.get     server: 'CouchDB/1.5.0 (Erlang OTP/R16B03)',
249 silly registry.get     etag: '"CIHT4ZI46QOEE8O8QGHV1UDUE"',
249 silly registry.get     'content-type': 'application/json',
249 silly registry.get     'cache-control': 'max-age=60',
249 silly registry.get     'content-length': '1921',
249 silly registry.get     'accept-ranges': 'bytes',
249 silly registry.get     via: '1.1 varnish',
249 silly registry.get     age: '0',
249 silly registry.get     'x-served-by': 'cache-ord1730-ORD',
249 silly registry.get     'x-cache': 'HIT',
249 silly registry.get     'x-cache-hits': '1',
249 silly registry.get     'x-timer': 'S1413514211.848786,VS0,VE48',
249 silly registry.get     vary: 'Accept',
249 silly registry.get     'keep-alive': 'timeout=10, max=50',
249 silly registry.get     connection: 'Keep-Alive' } ]
250 silly lockFile 11aec268-registry-npmjs-org-q-q-0-9-7-tgz https://registry.npmjs.org/q/-/q-0.9.7.tgz
251 verbose lock https://registry.npmjs.org/q/-/q-0.9.7.tgz C:\Users\Roger\AppData\Roaming\npm-cache\11aec268-registry-npmjs-org-q-q-0-9-7-tgz.lock
252 verbose addRemoteTarball [ 'https://registry.npmjs.org/q/-/q-0.9.7.tgz',
252 verbose addRemoteTarball   '4de2e6cb3b29088c9e4cbc03bf9d42fb96ce2f75' ]
253 info retry fetch attempt 1 at 22:50:16
254 verbose fetch to= C:\Users\Roger\AppData\Local\Temp\npm-1028\1413514216369-0.26752690388821065\tmp.tgz
255 http GET https://registry.npmjs.org/q/-/q-0.9.7.tgz
256 http 304 https://registry.npmjs.org/npm/1.3.4
257 silly registry.get cb [ 304,
257 silly registry.get   { date: 'Fri, 17 Oct 2014 02:50:11 GMT',
257 silly registry.get     server: 'Apache',
257 silly registry.get     via: '1.1 varnish',
257 silly registry.get     'last-modified': 'Fri, 17 Oct 2014 02:50:11 GMT',
257 silly registry.get     'cache-control': 'max-age=60',
257 silly registry.get     etag: '"2S04I9DIAFLN4SSJOIIJ66O3D"',
257 silly registry.get     age: '0',
257 silly registry.get     'x-served-by': 'cache-ord1720-ORD',
257 silly registry.get     'x-cache': 'MISS',
257 silly registry.get     'x-cache-hits': '0',
257 silly registry.get     'x-timer': 'S1413514211.887568,VS0,VE52',
257 silly registry.get     vary: 'Accept',
257 silly registry.get     'content-length': '0',
257 silly registry.get     'keep-alive': 'timeout=10, max=50',
257 silly registry.get     connection: 'Keep-Alive' } ]
258 verbose etag npm/1.3.4 from cache
259 silly lockFile 693b94f7-stry-npmjs-org-npm-npm-1-3-4-tgz https://registry.npmjs.org/npm/-/npm-1.3.4.tgz
260 verbose lock https://registry.npmjs.org/npm/-/npm-1.3.4.tgz C:\Users\Roger\AppData\Roaming\npm-cache\693b94f7-stry-npmjs-org-npm-npm-1-3-4-tgz.lock
261 verbose addRemoteTarball [ 'https://registry.npmjs.org/npm/-/npm-1.3.4.tgz',
261 verbose addRemoteTarball   '1dacc91458f2197c362d774d2cbf111680f86ec2' ]
262 info retry fetch attempt 1 at 22:50:16
263 verbose fetch to= C:\Users\Roger\AppData\Local\Temp\npm-1028\1413514216411-0.5990602124948055\tmp.tgz
264 http GET https://registry.npmjs.org/npm/-/npm-1.3.4.tgz
265 http 200 https://registry.npmjs.org/q/-/q-0.9.7.tgz
266 verbose tar unpack C:\Users\Roger\AppData\Local\Temp\npm-1028\1413514216369-0.26752690388821065\tmp.tgz
267 silly lockFile 2a1fe856-6369-0-26752690388821065-package tar://C:\Users\Roger\AppData\Local\Temp\npm-1028\1413514216369-0.26752690388821065\package
268 verbose lock tar://C:\Users\Roger\AppData\Local\Temp\npm-1028\1413514216369-0.26752690388821065\package C:\Users\Roger\AppData\Roaming\npm-cache\2a1fe856-6369-0-26752690388821065-package.lock
269 silly lockFile 1ecda0fa-6369-0-26752690388821065-tmp-tgz tar://C:\Users\Roger\AppData\Local\Temp\npm-1028\1413514216369-0.26752690388821065\tmp.tgz
270 verbose lock tar://C:\Users\Roger\AppData\Local\Temp\npm-1028\1413514216369-0.26752690388821065\tmp.tgz C:\Users\Roger\AppData\Roaming\npm-cache\1ecda0fa-6369-0-26752690388821065-tmp-tgz.lock
271 silly gunzTarPerm modes [ '755', '644' ]
272 silly gunzTarPerm extractEntry package.json
273 silly gunzTarPerm extractEntry README.md
274 silly gunzTarPerm extractEntry LICENSE
275 silly gunzTarPerm extractEntry q.js
276 silly gunzTarPerm extractEntry queue.js
277 silly gunzTarPerm extractEntry CONTRIBUTING.md
278 silly gunzTarPerm extractEntry benchmark/compare-with-callbacks.js
279 silly gunzTarPerm extractEntry benchmark/scenarios.js
280 http 200 https://registry.npmjs.org/cordova-lib/4.0.0
281 silly registry.get cb [ 200,
281 silly registry.get   { date: 'Fri, 17 Oct 2014 02:50:12 GMT',
281 silly registry.get     server: 'CouchDB/1.5.0 (Erlang OTP/R16B03)',
281 silly registry.get     etag: '"BVPZAH2L480UZ5A15GWES5VEA"',
281 silly registry.get     'content-type': 'application/json',
281 silly registry.get     'cache-control': 'max-age=60',
281 silly registry.get     'content-length': '3409',
281 silly registry.get     'accept-ranges': 'bytes',
281 silly registry.get     via: '1.1 varnish',
281 silly registry.get     age: '0',
281 silly registry.get     'x-served-by': 'cache-ord1726-ORD',
281 silly registry.get     'x-cache': 'MISS',
281 silly registry.get     'x-cache-hits': '0',
281 silly registry.get     'x-timer': 'S1413514211.839244,VS0,VE215',
281 silly registry.get     vary: 'Accept',
281 silly registry.get     'keep-alive': 'timeout=10, max=50',
281 silly registry.get     connection: 'Keep-Alive' } ]
282 http 200 https://registry.npmjs.org/npm/-/npm-1.3.4.tgz
283 silly lockFile eb587e0f-ordova-lib-cordova-lib-4-0-0-tgz https://registry.npmjs.org/cordova-lib/-/cordova-lib-4.0.0.tgz
284 verbose lock https://registry.npmjs.org/cordova-lib/-/cordova-lib-4.0.0.tgz C:\Users\Roger\AppData\Roaming\npm-cache\eb587e0f-ordova-lib-cordova-lib-4-0-0-tgz.lock
285 verbose addRemoteTarball [ 'https://registry.npmjs.org/cordova-lib/-/cordova-lib-4.0.0.tgz',
285 verbose addRemoteTarball   'a32ed6ffea2a6eafe714a58ec52f5927dd52cd62' ]
286 info retry fetch attempt 1 at 22:50:16
287 verbose fetch to= C:\Users\Roger\AppData\Local\Temp\npm-1028\1413514216528-0.641444921027869\tmp.tgz
288 http GET https://registry.npmjs.org/cordova-lib/-/cordova-lib-4.0.0.tgz
289 http 200 https://registry.npmjs.org/underscore/1.4.4
290 silly registry.get cb [ 200,
290 silly registry.get   { date: 'Fri, 17 Oct 2014 02:50:12 GMT',
290 silly registry.get     server: 'CouchDB/1.5.0 (Erlang OTP/R16B03)',
290 silly registry.get     etag: '"6IMRIPKTWGRLYOWK0ZDRES3NC"',
290 silly registry.get     'content-type': 'application/json',
290 silly registry.get     'cache-control': 'max-age=60',
290 silly registry.get     'content-length': '832',
290 silly registry.get     'accept-ranges': 'bytes',
290 silly registry.get     via: '1.1 varnish',
290 silly registry.get     age: '0',
290 silly registry.get     'x-served-by': 'cache-ord1725-ORD',
290 silly registry.get     'x-cache': 'MISS',
290 silly registry.get     'x-cache-hits': '0',
290 silly registry.get     'x-timer': 'S1413514211.862899,VS0,VE221',
290 silly registry.get     vary: 'Accept',
290 silly registry.get     'keep-alive': 'timeout=10, max=50',
290 silly registry.get     connection: 'Keep-Alive' } ]
291 silly lockFile 91efdde3--underscore-underscore-1-4-4-tgz https://registry.npmjs.org/underscore/-/underscore-1.4.4.tgz
292 verbose lock https://registry.npmjs.org/underscore/-/underscore-1.4.4.tgz C:\Users\Roger\AppData\Roaming\npm-cache\91efdde3--underscore-underscore-1-4-4-tgz.lock
293 verbose addRemoteTarball [ 'https://registry.npmjs.org/underscore/-/underscore-1.4.4.tgz',
293 verbose addRemoteTarball   '61a6a32010622afa07963bf325203cf12239d604' ]
294 info retry fetch attempt 1 at 22:50:16
295 verbose fetch to= C:\Users\Roger\AppData\Local\Temp\npm-1028\1413514216556-0.5397630298975855\tmp.tgz
296 http GET https://registry.npmjs.org/underscore/-/underscore-1.4.4.tgz
297 http 200 https://registry.npmjs.org/nopt/1.0.9
298 silly registry.get cb [ 200,
298 silly registry.get   { date: 'Fri, 17 Oct 2014 02:50:12 GMT',
298 silly registry.get     server: 'CouchDB/1.5.0 (Erlang OTP/R16B03)',
298 silly registry.get     etag: '"2GWKPD9CYD6ZLDZ9J2A2BHFGO"',
298 silly registry.get     'content-type': 'application/json',
298 silly registry.get     'cache-control': 'max-age=60',
298 silly registry.get     'content-length': '880',
298 silly registry.get     'accept-ranges': 'bytes',
298 silly registry.get     via: '1.1 varnish',
298 silly registry.get     age: '0',
298 silly registry.get     'x-served-by': 'cache-ord1725-ORD',
298 silly registry.get     'x-cache': 'MISS',
298 silly registry.get     'x-cache-hits': '0',
298 silly registry.get     'x-timer': 'S1413514211.842556,VS0,VE269',
298 silly registry.get     vary: 'Accept',
298 silly registry.get     'keep-alive': 'timeout=10, max=50',
298 silly registry.get     connection: 'Keep-Alive' } ]
299 silly lockFile a5ef77d7-ry-npmjs-org-nopt-nopt-1-0-9-tgz https://registry.npmjs.org/nopt/-/nopt-1.0.9.tgz
300 verbose lock https://registry.npmjs.org/nopt/-/nopt-1.0.9.tgz C:\Users\Roger\AppData\Roaming\npm-cache\a5ef77d7-ry-npmjs-org-nopt-nopt-1-0-9-tgz.lock
301 verbose addRemoteTarball [ 'https://registry.npmjs.org/nopt/-/nopt-1.0.9.tgz',
301 verbose addRemoteTarball   '3bc0d7cba7bfb0d5a676dbed7c0ebe48a4fd454e' ]
302 info retry fetch attempt 1 at 22:50:16
303 verbose fetch to= C:\Users\Roger\AppData\Local\Temp\npm-1028\1413514216582-0.8876367209013551\tmp.tgz
304 http GET https://registry.npmjs.org/nopt/-/nopt-1.0.9.tgz
305 http 304 https://registry.npmjs.org/rc/0.3.0
306 silly registry.get cb [ 304,
306 silly registry.get   { date: 'Fri, 17 Oct 2014 02:50:11 GMT',
306 silly registry.get     server: 'Apache',
306 silly registry.get     via: '1.1 varnish',
306 silly registry.get     'last-modified': 'Fri, 17 Oct 2014 02:50:12 GMT',
306 silly registry.get     'cache-control': 'max-age=60',
306 silly registry.get     etag: '"7GRALR4JDE6GUP89IVGE53MCA"',
306 silly registry.get     age: '0',
306 silly registry.get     'x-served-by': 'cache-ord1730-ORD',
306 silly registry.get     'x-cache': 'HIT',
306 silly registry.get     'x-cache-hits': '1',
306 silly registry.get     'x-timer': 'S1413514211.924648,VS0,VE208',
306 silly registry.get     vary: 'Accept',
306 silly registry.get     'content-length': '0',
306 silly registry.get     'keep-alive': 'timeout=10, max=49',
306 silly registry.get     connection: 'Keep-Alive' } ]
307 verbose etag rc/0.3.0 from cache
308 silly lockFile 2a1fe856-6369-0-26752690388821065-package tar://C:\Users\Roger\AppData\Local\Temp\npm-1028\1413514216369-0.26752690388821065\package
309 silly lockFile 2a1fe856-6369-0-26752690388821065-package tar://C:\Users\Roger\AppData\Local\Temp\npm-1028\1413514216369-0.26752690388821065\package
310 silly lockFile 1ecda0fa-6369-0-26752690388821065-tmp-tgz tar://C:\Users\Roger\AppData\Local\Temp\npm-1028\1413514216369-0.26752690388821065\tmp.tgz
311 silly lockFile 1ecda0fa-6369-0-26752690388821065-tmp-tgz tar://C:\Users\Roger\AppData\Local\Temp\npm-1028\1413514216369-0.26752690388821065\tmp.tgz
312 verbose tar pack [ 'C:\\Users\\Roger\\AppData\\Roaming\\npm-cache\\q\\0.9.7\\package.tgz',
312 verbose tar pack   'C:\\Users\\Roger\\AppData\\Local\\Temp\\npm-1028\\1413514216369-0.26752690388821065\\package' ]
313 verbose tarball C:\Users\Roger\AppData\Roaming\npm-cache\q\0.9.7\package.tgz
314 verbose folder C:\Users\Roger\AppData\Local\Temp\npm-1028\1413514216369-0.26752690388821065\package
315 silly lockFile 2a1fe856-6369-0-26752690388821065-package tar://C:\Users\Roger\AppData\Local\Temp\npm-1028\1413514216369-0.26752690388821065\package
316 verbose lock tar://C:\Users\Roger\AppData\Local\Temp\npm-1028\1413514216369-0.26752690388821065\package C:\Users\Roger\AppData\Roaming\npm-cache\2a1fe856-6369-0-26752690388821065-package.lock
317 silly lockFile 0dc71fed-ng-npm-cache-q-0-9-7-package-tgz tar://C:\Users\Roger\AppData\Roaming\npm-cache\q\0.9.7\package.tgz
318 verbose lock tar://C:\Users\Roger\AppData\Roaming\npm-cache\q\0.9.7\package.tgz C:\Users\Roger\AppData\Roaming\npm-cache\0dc71fed-ng-npm-cache-q-0-9-7-package-tgz.lock
319 silly lockFile 4aa50fc4-rc-0-3-0 rc@0.3.0
320 silly lockFile 4aa50fc4-rc-0-3-0 rc@0.3.0
321 http 200 https://registry.npmjs.org/cordova-lib/-/cordova-lib-4.0.0.tgz
322 silly lockFile 2a1fe856-6369-0-26752690388821065-package tar://C:\Users\Roger\AppData\Local\Temp\npm-1028\1413514216369-0.26752690388821065\package
323 silly lockFile 2a1fe856-6369-0-26752690388821065-package tar://C:\Users\Roger\AppData\Local\Temp\npm-1028\1413514216369-0.26752690388821065\package
324 silly lockFile 0dc71fed-ng-npm-cache-q-0-9-7-package-tgz tar://C:\Users\Roger\AppData\Roaming\npm-cache\q\0.9.7\package.tgz
325 silly lockFile 0dc71fed-ng-npm-cache-q-0-9-7-package-tgz tar://C:\Users\Roger\AppData\Roaming\npm-cache\q\0.9.7\package.tgz
326 silly lockFile a2a40e96-oaming-npm-cache-q-0-9-7-package C:\Users\Roger\AppData\Roaming\npm-cache\q\0.9.7\package
327 verbose lock C:\Users\Roger\AppData\Roaming\npm-cache\q\0.9.7\package C:\Users\Roger\AppData\Roaming\npm-cache\a2a40e96-oaming-npm-cache-q-0-9-7-package.lock
328 silly lockFile a2a40e96-oaming-npm-cache-q-0-9-7-package C:\Users\Roger\AppData\Roaming\npm-cache\q\0.9.7\package
329 silly lockFile a2a40e96-oaming-npm-cache-q-0-9-7-package C:\Users\Roger\AppData\Roaming\npm-cache\q\0.9.7\package
330 error addPlacedTarball Could not remove "C:\\Users\\Roger\\AppData\\Roaming\\npm-cache\\q\\0.9.7\\package"
331 silly lockFile 11aec268-registry-npmjs-org-q-q-0-9-7-tgz https://registry.npmjs.org/q/-/q-0.9.7.tgz
332 silly lockFile 11aec268-registry-npmjs-org-q-q-0-9-7-tgz https://registry.npmjs.org/q/-/q-0.9.7.tgz
333 silly lockFile cc8e51ee-q-0-9-7 q@0.9.7
334 silly lockFile cc8e51ee-q-0-9-7 q@0.9.7
335 verbose about to build C:\Users\Roger\AppData\Roaming\npm\node_modules\plugman
336 info C:\Users\Roger\AppData\Roaming\npm\node_modules\plugman unbuild
337 info preuninstall plugman@0.22.12
338 info uninstall plugman@0.22.12
339 verbose true,C:\Users\Roger\AppData\Roaming\npm\node_modules,C:\Users\Roger\AppData\Roaming\npm\node_modules unbuild plugman@0.22.12
340 verbose C:\Users\Roger\AppData\Roaming\npm,[object Object] binRoot
341 http 200 https://registry.npmjs.org/underscore/-/underscore-1.4.4.tgz
342 info postuninstall plugman@0.22.12
343 error Error: ENOTEMPTY, rmdir 'C:\Users\Roger\AppData\Roaming\npm-cache\q\0.9.7\package'
344 error If you need help, you may report this log at:
344 error     <http://github.com/isaacs/npm/issues>
344 error or email it to:
344 error     <npm-@googlegroups.com>
345 error System Windows_NT 6.1.7601
346 error command "c:\\Program Files (x86)\\nodejs\\node.exe" "c:\\Program Files (x86)\\nodejs\\node_modules\\npm\\bin\\npm-cli.js" "install" "-g" "plugman"
347 error cwd c:\Users\Roger\phonegap-projects\hybridConcept
348 error node -v v0.10.13
349 error npm -v 1.3.2
350 error path C:\Users\Roger\AppData\Roaming\npm-cache\q\0.9.7\package
351 error code ENOTEMPTY
352 error errno 53
353 verbose exit [ 53, true ]
